This file contains any messages produced by compilers while
running configure, to aid debugging if configure makes a mistake.

It was created by ibus-hangul configure 1.1.0.20090219, which was
generated by GNU Autoconf 2.63.  Invocation command line was

  $ ./configure --enable-maintainer-mode --prefix=/usr

## --------- ##
## Platform. ##
## --------- ##

hostname = localhost.localdomain
uname -m = i686
uname -r = 2.6.27.12-170.2.5.fc10.i686
uname -s = Linux
uname -v = #1 SMP Wed Jan 21 02:09:37 EST 2009

/usr/bin/uname -p = unknown
/bin/uname -X     = unknown

/bin/arch              = i686
/usr/bin/arch -k       = unknown
/usr/convex/getsysinfo = unknown
/usr/bin/hostinfo      = unknown
/bin/machine           = unknown
/usr/bin/oslevel       = unknown
/bin/universe          = unknown

PATH: /usr/lib/qt-3.3/bin
PATH: /usr/kerberos/bin
PATH: /usr/lib/ccache
PATH: /usr/local/bin
PATH: /usr/bin
PATH: /bin
PATH: /usr/local/sbin
PATH: /usr/sbin
PATH: /sbin
PATH: /opt/real/RealPlayer
PATH: /home/psatpute/bin
PATH: /opt/real/RealPlayer


## ----------- ##
## Core tests. ##
## ----------- ##

configure:2140: checking for a BSD-compatible install
configure:2208: result: /usr/bin/install -c
configure:2219: checking whether build environment is sane
configure:2262: result: yes
configure:2287: checking for a thread-safe mkdir -p
configure:2326: result: /bin/mkdir -p
configure:2339: checking for gawk
configure:2355: found /usr/bin/gawk
configure:2366: result: gawk
configure:2377: checking whether make sets $(MAKE)
configure:2399: result: yes
configure:2595: checking for style of include used by make
configure:2623: result: GNU
configure:2693: checking for gcc
configure:2709: found /usr/lib/ccache/gcc
configure:2720: result: gcc
configure:2952: checking for C compiler version
configure:2960: gcc --version >&5
gcc (GCC) 4.3.2 20081105 (Red Hat 4.3.2-7)
Copyright (C) 2008 Free Software Foundation, Inc.
This is free software; see the source for copying conditions.  There is NO
warranty; not even for MERCHANTABILITY or FITNESS FOR A PARTICULAR PURPOSE.

configure:2964: $? = 0
configure:2971: gcc -v >&5
Using built-in specs.
Target: i386-redhat-linux
Configured with: ../configure --prefix=/usr --mandir=/usr/share/man --infodir=/usr/share/info --with-bugurl=http://bugzilla.redhat.com/bugzilla --enable-bootstrap --enable-shared --enable-threads=posix --enable-checking=release --with-system-zlib --enable-__cxa_atexit --disable-libunwind-exceptions --enable-languages=c,c++,objc,obj-c++,java,fortran,ada --enable-java-awt=gtk --disable-dssi --enable-plugin --with-java-home=/usr/lib/jvm/java-1.5.0-gcj-1.5.0.0/jre --enable-libgcj-multifile --enable-java-maintainer-mode --with-ecj-jar=/usr/share/java/eclipse-ecj.jar --disable-libjava-multilib --with-cpu=generic --build=i386-redhat-linux
Thread model: posix
gcc version 4.3.2 20081105 (Red Hat 4.3.2-7) (GCC) 
configure:2975: $? = 0
configure:2982: gcc -V >&5
gcc: '-V' option must have argument
configure:2986: $? = 1
configure:3009: checking for C compiler default output file name
configure:3031: gcc -Wall -g -O0 -Wl,--no-undefined   conftest.c  >&5
configure:3035: $? = 0
configure:3073: result: a.out
configure:3092: checking whether the C compiler works
configure:3102: ./a.out
configure:3106: $? = 0
configure:3125: result: yes
configure:3132: checking whether we are cross compiling
configure:3134: result: no
configure:3137: checking for suffix of executables
configure:3144: gcc -o conftest -Wall -g -O0 -Wl,--no-undefined   conftest.c  >&5
configure:3148: $? = 0
configure:3174: result: 
configure:3180: checking for suffix of object files
configure:3206: gcc -c -Wall -g -O0 -Wl,--no-undefined  conftest.c >&5
configure:3210: $? = 0
configure:3235: result: o
configure:3239: checking whether we are using the GNU C compiler
configure:3268: gcc -c -Wall -g -O0 -Wl,--no-undefined  conftest.c >&5
configure:3275: $? = 0
configure:3292: result: yes
configure:3301: checking whether gcc accepts -g
configure:3331: gcc -c -g  conftest.c >&5
configure:3338: $? = 0
configure:3439: result: yes
configure:3456: checking for gcc option to accept ISO C89
configure:3530: gcc  -c -Wall -g -O0 -Wl,--no-undefined  conftest.c >&5
configure:3537: $? = 0
configure:3560: result: none needed
configure:3580: checking dependency style of gcc
configure:3671: result: gcc3
configure:3692: checking how to run the C preprocessor
configure:3732: gcc -E  conftest.c
configure:3739: $? = 0
configure:3770: gcc -E  conftest.c
conftest.c:10:28: error: ac_nonexistent.h: No such file or directory
configure:3777: $? = 1
configure: failed program was:
| /* confdefs.h.  */
| #define PACKAGE_NAME "ibus-hangul"
| #define PACKAGE_TARNAME "ibus-hangul"
| #define PACKAGE_VERSION "1.1.0.20090219"
| #define PACKAGE_STRING "ibus-hangul 1.1.0.20090219"
| #define PACKAGE_BUGREPORT "http://code.google.com/p/ibus/issues/entry"
| #define PACKAGE "ibus-hangul"
| #define VERSION "1.1.0.20090219"
| /* end confdefs.h.  */
| #include <ac_nonexistent.h>
configure:3810: result: gcc -E
configure:3839: gcc -E  conftest.c
configure:3846: $? = 0
configure:3877: gcc -E  conftest.c
conftest.c:10:28: error: ac_nonexistent.h: No such file or directory
configure:3884: $? = 1
configure: failed program was:
| /* confdefs.h.  */
| #define PACKAGE_NAME "ibus-hangul"
| #define PACKAGE_TARNAME "ibus-hangul"
| #define PACKAGE_VERSION "1.1.0.20090219"
| #define PACKAGE_STRING "ibus-hangul 1.1.0.20090219"
| #define PACKAGE_BUGREPORT "http://code.google.com/p/ibus/issues/entry"
| #define PACKAGE "ibus-hangul"
| #define VERSION "1.1.0.20090219"
| /* end confdefs.h.  */
| #include <ac_nonexistent.h>
configure:3924: checking for grep that handles long lines and -e
configure:3984: result: /bin/grep
configure:3989: checking for egrep
configure:4053: result: /bin/grep -E
configure:4058: checking for ANSI C header files
configure:4088: gcc -c -Wall -g -O0 -Wl,--no-undefined  conftest.c >&5
configure:4095: $? = 0
configure:4194: gcc -o conftest -Wall -g -O0 -Wl,--no-undefined   conftest.c  >&5
configure:4198: $? = 0
configure:4204: ./conftest
configure:4208: $? = 0
configure:4226: result: yes
configure:4250: checking for sys/types.h
configure:4271: gcc -c -Wall -g -O0 -Wl,--no-undefined  conftest.c >&5
configure:4278: $? = 0
configure:4295: result: yes
configure:4250: checking for sys/stat.h
configure:4271: gcc -c -Wall -g -O0 -Wl,--no-undefined  conftest.c >&5
configure:4278: $? = 0
configure:4295: result: yes
configure:4250: checking for stdlib.h
configure:4271: gcc -c -Wall -g -O0 -Wl,--no-undefined  conftest.c >&5
configure:4278: $? = 0
configure:4295: result: yes
configure:4250: checking for string.h
configure:4271: gcc -c -Wall -g -O0 -Wl,--no-undefined  conftest.c >&5
configure:4278: $? = 0
configure:4295: result: yes
configure:4250: checking for memory.h
configure:4271: gcc -c -Wall -g -O0 -Wl,--no-undefined  conftest.c >&5
configure:4278: $? = 0
configure:4295: result: yes
configure:4250: checking for strings.h
configure:4271: gcc -c -Wall -g -O0 -Wl,--no-undefined  conftest.c >&5
configure:4278: $? = 0
configure:4295: result: yes
configure:4250: checking for inttypes.h
configure:4271: gcc -c -Wall -g -O0 -Wl,--no-undefined  conftest.c >&5
configure:4278: $? = 0
configure:4295: result: yes
configure:4250: checking for stdint.h
configure:4271: gcc -c -Wall -g -O0 -Wl,--no-undefined  conftest.c >&5
configure:4278: $? = 0
configure:4295: result: yes
configure:4250: checking for unistd.h
configure:4271: gcc -c -Wall -g -O0 -Wl,--no-undefined  conftest.c >&5
configure:4278: $? = 0
configure:4295: result: yes
configure:4320: checking minix/config.h usability
configure:4337: gcc -c -Wall -g -O0 -Wl,--no-undefined  conftest.c >&5
conftest.c:53:26: error: minix/config.h: No such file or directory
configure:4344: $? = 1
configure: failed program was:
| /* confdefs.h.  */
| #define PACKAGE_NAME "ibus-hangul"
| #define PACKAGE_TARNAME "ibus-hangul"
| #define PACKAGE_VERSION "1.1.0.20090219"
| #define PACKAGE_STRING "ibus-hangul 1.1.0.20090219"
| #define PACKAGE_BUGREPORT "http://code.google.com/p/ibus/issues/entry"
| #define PACKAGE "ibus-hangul"
| #define VERSION "1.1.0.20090219"
| #define STDC_HEADERS 1
| #define HAVE_SYS_TYPES_H 1
| #define HAVE_SYS_STAT_H 1
| #define HAVE_STDLIB_H 1
| #define HAVE_STRING_H 1
| #define HAVE_MEMORY_H 1
| #define HAVE_STRINGS_H 1
| #define HAVE_INTTYPES_H 1
| #define HAVE_STDINT_H 1
| #define HAVE_UNISTD_H 1
| /* end confdefs.h.  */
| #include <stdio.h>
| #ifdef HAVE_SYS_TYPES_H
| # include <sys/types.h>
| #endif
| #ifdef HAVE_SYS_STAT_H
| # include <sys/stat.h>
| #endif
| #ifdef STDC_HEADERS
| # include <stdlib.h>
| # include <stddef.h>
| #else
| # ifdef HAVE_STDLIB_H
| #  include <stdlib.h>
| # endif
| #endif
| #ifdef HAVE_STRING_H
| # if !defined STDC_HEADERS && defined HAVE_MEMORY_H
| #  include <memory.h>
| # endif
| # include <string.h>
| #endif
| #ifdef HAVE_STRINGS_H
| # include <strings.h>
| #endif
| #ifdef HAVE_INTTYPES_H
| # include <inttypes.h>
| #endif
| #ifdef HAVE_STDINT_H
| # include <stdint.h>
| #endif
| #ifdef HAVE_UNISTD_H
| # include <unistd.h>
| #endif
| #include <minix/config.h>
configure:4358: result: no
configure:4362: checking minix/config.h presence
configure:4377: gcc -E  conftest.c
conftest.c:20:26: error: minix/config.h: No such file or directory
configure:4384: $? = 1
configure: failed program was:
| /* confdefs.h.  */
| #define PACKAGE_NAME "ibus-hangul"
| #define PACKAGE_TARNAME "ibus-hangul"
| #define PACKAGE_VERSION "1.1.0.20090219"
| #define PACKAGE_STRING "ibus-hangul 1.1.0.20090219"
| #define PACKAGE_BUGREPORT "http://code.google.com/p/ibus/issues/entry"
| #define PACKAGE "ibus-hangul"
| #define VERSION "1.1.0.20090219"
| #define STDC_HEADERS 1
| #define HAVE_SYS_TYPES_H 1
| #define HAVE_SYS_STAT_H 1
| #define HAVE_STDLIB_H 1
| #define HAVE_STRING_H 1
| #define HAVE_MEMORY_H 1
| #define HAVE_STRINGS_H 1
| #define HAVE_INTTYPES_H 1
| #define HAVE_STDINT_H 1
| #define HAVE_UNISTD_H 1
| /* end confdefs.h.  */
| #include <minix/config.h>
configure:4398: result: no
configure:4431: checking for minix/config.h
configure:4438: result: no
configure:4469: checking whether it is safe to define __EXTENSIONS__
configure:4497: gcc -c -Wall -g -O0 -Wl,--no-undefined  conftest.c >&5
configure:4504: $? = 0
configure:4519: result: yes
configure:4559: checking nano version
configure:4571: result: 20090219
configure:4580: checking whether build environment is sane
configure:4623: result: yes
configure:4625: checking whether to enable maintainer-specific portions of Makefiles
configure:4634: result: yes
configure:4720: checking for gcc
configure:4747: result: gcc
configure:4979: checking for C compiler version
configure:4987: gcc --version >&5
gcc (GCC) 4.3.2 20081105 (Red Hat 4.3.2-7)
Copyright (C) 2008 Free Software Foundation, Inc.
This is free software; see the source for copying conditions.  There is NO
warranty; not even for MERCHANTABILITY or FITNESS FOR A PARTICULAR PURPOSE.

configure:4991: $? = 0
configure:4998: gcc -v >&5
Using built-in specs.
Target: i386-redhat-linux
Configured with: ../configure --prefix=/usr --mandir=/usr/share/man --infodir=/usr/share/info --with-bugurl=http://bugzilla.redhat.com/bugzilla --enable-bootstrap --enable-shared --enable-threads=posix --enable-checking=release --with-system-zlib --enable-__cxa_atexit --disable-libunwind-exceptions --enable-languages=c,c++,objc,obj-c++,java,fortran,ada --enable-java-awt=gtk --disable-dssi --enable-plugin --with-java-home=/usr/lib/jvm/java-1.5.0-gcj-1.5.0.0/jre --enable-libgcj-multifile --enable-java-maintainer-mode --with-ecj-jar=/usr/share/java/eclipse-ecj.jar --disable-libjava-multilib --with-cpu=generic --build=i386-redhat-linux
Thread model: posix
gcc version 4.3.2 20081105 (Red Hat 4.3.2-7) (GCC) 
configure:5002: $? = 0
configure:5009: gcc -V >&5
gcc: '-V' option must have argument
configure:5013: $? = 1
configure:5016: checking whether we are using the GNU C compiler
configure:5069: result: yes
configure:5078: checking whether gcc accepts -g
configure:5216: result: yes
configure:5233: checking for gcc option to accept ISO C89
configure:5337: result: none needed
configure:5357: checking dependency style of gcc
configure:5448: result: gcc3
configure:5464: checking whether gcc and cc understand -c and -o together
configure:5499: gcc -c conftest.c -o conftest2.o >&5
configure:5503: $? = 0
configure:5509: gcc -c conftest.c -o conftest2.o >&5
configure:5513: $? = 0
configure:5524: cc -c conftest.c >&5
configure:5528: $? = 0
configure:5536: cc -c conftest.c -o conftest2.o >&5
configure:5540: $? = 0
configure:5546: cc -c conftest.c -o conftest2.o >&5
configure:5550: $? = 0
configure:5568: result: yes
configure:5652: checking for g++
configure:5668: found /usr/lib/ccache/g++
configure:5679: result: g++
configure:5706: checking for C++ compiler version
configure:5714: g++ --version >&5
g++ (GCC) 4.3.2 20081105 (Red Hat 4.3.2-7)
Copyright (C) 2008 Free Software Foundation, Inc.
This is free software; see the source for copying conditions.  There is NO
warranty; not even for MERCHANTABILITY or FITNESS FOR A PARTICULAR PURPOSE.

configure:5718: $? = 0
configure:5725: g++ -v >&5
Using built-in specs.
Target: i386-redhat-linux
Configured with: ../configure --prefix=/usr --mandir=/usr/share/man --infodir=/usr/share/info --with-bugurl=http://bugzilla.redhat.com/bugzilla --enable-bootstrap --enable-shared --enable-threads=posix --enable-checking=release --with-system-zlib --enable-__cxa_atexit --disable-libunwind-exceptions --enable-languages=c,c++,objc,obj-c++,java,fortran,ada --enable-java-awt=gtk --disable-dssi --enable-plugin --with-java-home=/usr/lib/jvm/java-1.5.0-gcj-1.5.0.0/jre --enable-libgcj-multifile --enable-java-maintainer-mode --with-ecj-jar=/usr/share/java/eclipse-ecj.jar --disable-libjava-multilib --with-cpu=generic --build=i386-redhat-linux
Thread model: posix
gcc version 4.3.2 20081105 (Red Hat 4.3.2-7) (GCC) 
configure:5729: $? = 0
configure:5736: g++ -V >&5
g++: '-V' option must have argument
configure:5740: $? = 1
configure:5743: checking whether we are using the GNU C++ compiler
configure:5772: g++ -c -Wall -g -O0 -Wl,--no-undefined  conftest.cpp >&5
configure:5779: $? = 0
configure:5796: result: yes
configure:5805: checking whether g++ accepts -g
configure:5835: g++ -c -g  conftest.cpp >&5
configure:5842: $? = 0
configure:5943: result: yes
configure:5968: checking dependency style of g++
configure:6059: result: gcc3
configure:6074: checking for library containing strerror
configure:6115: gcc -o conftest -Wall -g -O0 -Wl,--no-undefined   conftest.c  >&5
configure:6122: $? = 0
configure:6153: result: none required
configure:6161: checking for ANSI C header files
configure:6329: result: yes
configure:6393: checking build system type
configure:6411: result: i686-pc-linux-gnu
configure:6433: checking host system type
configure:6448: result: i686-pc-linux-gnu
configure:6470: checking for a sed that does not truncate output
configure:6526: result: /bin/sed
configure:6540: checking for ld used by gcc
configure:6607: result: /usr/bin/ld
configure:6616: checking if the linker (/usr/bin/ld) is GNU ld
configure:6631: result: yes
configure:6636: checking for /usr/bin/ld option to reload object files
configure:6643: result: -r
configure:6661: checking for BSD-compatible nm
configure:6710: result: /usr/bin/nm -B
configure:6714: checking whether ln -s works
configure:6718: result: yes
configure:6725: checking how to recognize dependent libraries
configure:6911: result: pass_all
configure:7171: checking dlfcn.h usability
configure:7188: gcc -c -Wall -g -O0 -Wl,--no-undefined  conftest.c >&5
configure:7195: $? = 0
configure:7209: result: yes
configure:7213: checking dlfcn.h presence
configure:7228: gcc -E  conftest.c
configure:7235: $? = 0
configure:7249: result: yes
configure:7282: checking for dlfcn.h
configure:7291: result: yes
configure:7316: checking how to run the C++ preprocessor
configure:7352: g++ -E  conftest.cpp
configure:7359: $? = 0
configure:7390: g++ -E  conftest.cpp
conftest.cpp:27:28: error: ac_nonexistent.h: No such file or directory
configure:7397: $? = 1
configure: failed program was:
| /* confdefs.h.  */
| #define PACKAGE_NAME "ibus-hangul"
| #define PACKAGE_TARNAME "ibus-hangul"
| #define PACKAGE_VERSION "1.1.0.20090219"
| #define PACKAGE_STRING "ibus-hangul 1.1.0.20090219"
| #define PACKAGE_BUGREPORT "http://code.google.com/p/ibus/issues/entry"
| #define PACKAGE "ibus-hangul"
| #define VERSION "1.1.0.20090219"
| #define STDC_HEADERS 1
| #define HAVE_SYS_TYPES_H 1
| #define HAVE_SYS_STAT_H 1
| #define HAVE_STDLIB_H 1
| #define HAVE_STRING_H 1
| #define HAVE_MEMORY_H 1
| #define HAVE_STRINGS_H 1
| #define HAVE_INTTYPES_H 1
| #define HAVE_STDINT_H 1
| #define HAVE_UNISTD_H 1
| #define __EXTENSIONS__ 1
| #define _ALL_SOURCE 1
| #define _GNU_SOURCE 1
| #define _POSIX_PTHREAD_SEMANTICS 1
| #define _TANDEM_SOURCE 1
| #define STDC_HEADERS 1
| #define HAVE_DLFCN_H 1
| /* end confdefs.h.  */
| #include <ac_nonexistent.h>
configure:7430: result: g++ -E
configure:7459: g++ -E  conftest.cpp
configure:7466: $? = 0
configure:7497: g++ -E  conftest.cpp
conftest.cpp:27:28: error: ac_nonexistent.h: No such file or directory
configure:7504: $? = 1
configure: failed program was:
| /* confdefs.h.  */
| #define PACKAGE_NAME "ibus-hangul"
| #define PACKAGE_TARNAME "ibus-hangul"
| #define PACKAGE_VERSION "1.1.0.20090219"
| #define PACKAGE_STRING "ibus-hangul 1.1.0.20090219"
| #define PACKAGE_BUGREPORT "http://code.google.com/p/ibus/issues/entry"
| #define PACKAGE "ibus-hangul"
| #define VERSION "1.1.0.20090219"
| #define STDC_HEADERS 1
| #define HAVE_SYS_TYPES_H 1
| #define HAVE_SYS_STAT_H 1
| #define HAVE_STDLIB_H 1
| #define HAVE_STRING_H 1
| #define HAVE_MEMORY_H 1
| #define HAVE_STRINGS_H 1
| #define HAVE_INTTYPES_H 1
| #define HAVE_STDINT_H 1
| #define HAVE_UNISTD_H 1
| #define __EXTENSIONS__ 1
| #define _ALL_SOURCE 1
| #define _GNU_SOURCE 1
| #define _POSIX_PTHREAD_SEMANTICS 1
| #define _TANDEM_SOURCE 1
| #define STDC_HEADERS 1
| #define HAVE_DLFCN_H 1
| /* end confdefs.h.  */
| #include <ac_nonexistent.h>
configure:7599: checking for g77
configure:7629: result: no
configure:7599: checking for xlf
configure:7629: result: no
configure:7599: checking for f77
configure:7629: result: no
configure:7599: checking for frt
configure:7629: result: no
configure:7599: checking for pgf77
configure:7629: result: no
configure:7599: checking for cf77
configure:7629: result: no
configure:7599: checking for fort77
configure:7629: result: no
configure:7599: checking for fl32
configure:7629: result: no
configure:7599: checking for af77
configure:7629: result: no
configure:7599: checking for xlf90
configure:7629: result: no
configure:7599: checking for f90
configure:7629: result: no
configure:7599: checking for pgf90
configure:7629: result: no
configure:7599: checking for pghpf
configure:7629: result: no
configure:7599: checking for epcf90
configure:7629: result: no
configure:7599: checking for gfortran
configure:7615: found /usr/bin/gfortran
configure:7626: result: gfortran
configure:7652: checking for Fortran 77 compiler version
configure:7660: gfortran --version >&5
GNU Fortran (GCC) 4.3.2 20081105 (Red Hat 4.3.2-7)
Copyright (C) 2008 Free Software Foundation, Inc.

GNU Fortran comes with NO WARRANTY, to the extent permitted by law.
You may redistribute copies of GNU Fortran
under the terms of the GNU General Public License.
For more information about these matters, see the file named COPYING

configure:7664: $? = 0
configure:7671: gfortran -v >&5
Using built-in specs.
Target: i386-redhat-linux
Configured with: ../configure --prefix=/usr --mandir=/usr/share/man --infodir=/usr/share/info --with-bugurl=http://bugzilla.redhat.com/bugzilla --enable-bootstrap --enable-shared --enable-threads=posix --enable-checking=release --with-system-zlib --enable-__cxa_atexit --disable-libunwind-exceptions --enable-languages=c,c++,objc,obj-c++,java,fortran,ada --enable-java-awt=gtk --disable-dssi --enable-plugin --with-java-home=/usr/lib/jvm/java-1.5.0-gcj-1.5.0.0/jre --enable-libgcj-multifile --enable-java-maintainer-mode --with-ecj-jar=/usr/share/java/eclipse-ecj.jar --disable-libjava-multilib --with-cpu=generic --build=i386-redhat-linux
Thread model: posix
gcc version 4.3.2 20081105 (Red Hat 4.3.2-7) (GCC) 
configure:7675: $? = 0
configure:7682: gfortran -V >&5
gfortran: '-V' option must have argument
configure:7686: $? = 1
configure:7694: checking whether we are using the GNU Fortran 77 compiler
configure:7713: gfortran -c  conftest.F >&5
configure:7720: $? = 0
configure:7737: result: yes
configure:7743: checking whether gfortran accepts -g
configure:7760: gfortran -c -g conftest.f >&5
configure:7767: $? = 0
configure:7783: result: yes
configure:7816: checking the maximum length of command line arguments
configure:7928: result: 1966080
configure:7940: checking command to parse /usr/bin/nm -B output from gcc object
configure:8045: gcc -c -Wall -g -O0 -Wl,--no-undefined  conftest.c >&5
configure:8048: $? = 0
configure:8052: /usr/bin/nm -B conftest.o \| sed -n -e 's/^.*[ 	]\([ABCDGIRSTW][ABCDGIRSTW]*\)[ 	][ 	]*\([_A-Za-z][_A-Za-z0-9]*\)$/\1 \2 \2/p' \> conftest.nm
configure:8055: $? = 0
configure:8107: gcc -o conftest -Wall -g -O0 -Wl,--no-undefined   conftest.c conftstm.o >&5
configure:8110: $? = 0
configure:8148: result: ok
configure:8152: checking for objdir
configure:8167: result: .libs
configure:8259: checking for ar
configure:8275: found /usr/bin/ar
configure:8286: result: ar
configure:8351: checking for ranlib
configure:8367: found /usr/bin/ranlib
configure:8378: result: ranlib
configure:8443: checking for strip
configure:8459: found /usr/bin/strip
configure:8470: result: strip
configure:9060: checking if gcc supports -fno-rtti -fno-exceptions
configure:9078: gcc -c -Wall -g -O0 -Wl,--no-undefined  -fno-rtti -fno-exceptions conftest.c >&5
cc1: warning: command line option "-fno-rtti" is valid for C++/ObjC++ but not for C
cc1: warning: command line option "-fno-rtti" is valid for C++/ObjC++ but not for C
configure:9082: $? = 0
configure:9095: result: no
configure:9110: checking for gcc option to produce PIC
configure:9342: result: -fPIC
configure:9350: checking if gcc PIC flag -fPIC works
configure:9368: gcc -c -Wall -g -O0 -Wl,--no-undefined  -fPIC -DPIC conftest.c >&5
configure:9372: $? = 0
configure:9385: result: yes
configure:9413: checking if gcc static flag -static works
configure:9441: result: yes
configure:9451: checking if gcc supports -c -o file.o
configure:9472: gcc -c -Wall -g -O0 -Wl,--no-undefined  -o out/conftest2.o conftest.c >&5
configure:9476: $? = 0
configure:9498: result: yes
configure:9524: checking whether the gcc linker (/usr/bin/ld) supports shared libraries
configure:10512: result: yes
configure:10533: checking whether -lc should be explicitly linked in
configure:10538: gcc -c -Wall -g -O0 -Wl,--no-undefined  conftest.c >&5
configure:10541: $? = 0
configure:10556: gcc -shared conftest.o  -v -Wl,-soname -Wl,conftest -o conftest 2\>\&1 \| grep  -lc  \>/dev/null 2\>\&1
configure:10559: $? = 0
configure:10571: result: no
configure:10579: checking dynamic linker characteristics
configure:11183: result: GNU/Linux ld.so
configure:11207: checking how to hardcode library paths into programs
configure:11232: result: immediate
configure:11246: checking whether stripping libraries is possible
configure:11251: result: yes
configure:12081: checking if libtool supports shared libraries
configure:12083: result: yes
configure:12086: checking whether to build shared libraries
configure:12107: result: yes
configure:12110: checking whether to build static libraries
configure:12114: result: no
configure:12208: creating libtool
configure:12801: checking for ld used by g++
configure:12868: result: /usr/bin/ld
configure:12877: checking if the linker (/usr/bin/ld) is GNU ld
configure:12892: result: yes
configure:12943: checking whether the g++ linker (/usr/bin/ld) supports shared libraries
configure:13897: result: yes
configure:13914: g++ -c -Wall -g -O0 -Wl,--no-undefined  conftest.cpp >&5
configure:13917: $? = 0
configure:14073: checking for g++ option to produce PIC
configure:14357: result: -fPIC
configure:14365: checking if g++ PIC flag -fPIC works
configure:14383: g++ -c -Wall -g -O0 -Wl,--no-undefined  -fPIC -DPIC conftest.cpp >&5
configure:14387: $? = 0
configure:14400: result: yes
configure:14428: checking if g++ static flag -static works
configure:14456: result: yes
configure:14466: checking if g++ supports -c -o file.o
configure:14487: g++ -c -Wall -g -O0 -Wl,--no-undefined  -o out/conftest2.o conftest.cpp >&5
configure:14491: $? = 0
configure:14513: result: yes
configure:14539: checking whether the g++ linker (/usr/bin/ld) supports shared libraries
configure:14565: result: yes
configure:14632: checking dynamic linker characteristics
configure:15184: result: GNU/Linux ld.so
configure:15208: checking how to hardcode library paths into programs
configure:15233: result: immediate
configure:15772: checking if libtool supports shared libraries
configure:15774: result: yes
configure:15777: checking whether to build shared libraries
configure:15797: result: yes
configure:15800: checking whether to build static libraries
configure:15804: result: no
configure:15814: checking for gfortran option to produce PIC
configure:16046: result: -fPIC
configure:16054: checking if gfortran PIC flag -fPIC works
configure:16072: gfortran -c -g -O2 -fPIC conftest.f >&5
configure:16076: $? = 0
configure:16089: result: yes
configure:16117: checking if gfortran static flag -static works
configure:16145: result: yes
configure:16155: checking if gfortran supports -c -o file.o
configure:16176: gfortran -c -g -O2 -o out/conftest2.o conftest.f >&5
configure:16180: $? = 0
configure:16202: result: yes
configure:16228: checking whether the gfortran linker (/usr/bin/ld) supports shared libraries
configure:17196: result: yes
configure:17263: checking dynamic linker characteristics
configure:17815: result: GNU/Linux ld.so
configure:17839: checking how to hardcode library paths into programs
configure:17864: result: immediate
configure:21525: checking for pkg-config
configure:21543: found /usr/bin/pkg-config
configure:21555: result: /usr/bin/pkg-config
configure:21580: checking pkg-config is at least version 0.9.0
configure:21583: result: yes
configure:21594: checking for IBUS
configure:21603: $PKG_CONFIG --exists --print-errors "
    ibus-1.0
"
configure:21608: $? = 0
configure:21625: $PKG_CONFIG --exists --print-errors "
    ibus-1.0
"
configure:21630: $? = 0
configure:21717: result: yes
configure:21723: checking for HANGUL
configure:21732: $PKG_CONFIG --exists --print-errors "
    libhangul
"
configure:21737: $? = 0
configure:21754: $PKG_CONFIG --exists --print-errors "
    libhangul
"
configure:21759: $? = 0
configure:21846: result: yes
configure:21854: checking for env
configure:21872: found /usr/bin/env
configure:21884: result: /usr/bin/env
configure:21904: checking whether NLS is requested
configure:21913: result: yes
configure:21951: checking for msgfmt
configure: trying /usr/bin/msgfmt...
0 translated messages.
configure:21983: result: /usr/bin/msgfmt
configure:21992: checking for gmsgfmt
configure:22023: result: /usr/bin/msgfmt
configure:22074: checking for xgettext
configure: trying /usr/bin/xgettext...
/usr/bin/xgettext: warning: file `/dev/null' extension `' is unknown; will try C
configure:22106: result: /usr/bin/xgettext
configure:22152: checking for msgmerge
configure: trying /usr/bin/msgmerge...
configure:22183: result: /usr/bin/msgmerge
configure:22237: checking for ld used by GCC
configure:22301: result: /usr/bin/ld
configure:22310: checking if the linker (/usr/bin/ld) is GNU ld
configure:22323: result: yes
configure:22330: checking for shared library run path origin
configure:22343: result: done
configure:22800: checking for CFPreferencesCopyAppValue
configure:22828: gcc -o conftest -Wall -g -O0 -Wl,--no-undefined   conftest.c  -Wl,-framework -Wl,CoreFoundation >&5
conftest.c:28:42: error: CoreFoundation/CFPreferences.h: No such file or directory
conftest.c: In function 'main':
conftest.c:32: warning: implicit declaration of function 'CFPreferencesCopyAppValue'
conftest.c:32: error: 'NULL' undeclared (first use in this function)
conftest.c:32: error: (Each undeclared identifier is reported only once
conftest.c:32: error: for each function it appears in.)
configure:22835: $? = 1
configure: failed program was:
| /* confdefs.h.  */
| #define PACKAGE_NAME "ibus-hangul"
| #define PACKAGE_TARNAME "ibus-hangul"
| #define PACKAGE_VERSION "1.1.0.20090219"
| #define PACKAGE_STRING "ibus-hangul 1.1.0.20090219"
| #define PACKAGE_BUGREPORT "http://code.google.com/p/ibus/issues/entry"
| #define PACKAGE "ibus-hangul"
| #define VERSION "1.1.0.20090219"
| #define STDC_HEADERS 1
| #define HAVE_SYS_TYPES_H 1
| #define HAVE_SYS_STAT_H 1
| #define HAVE_STDLIB_H 1
| #define HAVE_STRING_H 1
| #define HAVE_MEMORY_H 1
| #define HAVE_STRINGS_H 1
| #define HAVE_INTTYPES_H 1
| #define HAVE_STDINT_H 1
| #define HAVE_UNISTD_H 1
| #define __EXTENSIONS__ 1
| #define _ALL_SOURCE 1
| #define _GNU_SOURCE 1
| #define _POSIX_PTHREAD_SEMANTICS 1
| #define _TANDEM_SOURCE 1
| #define STDC_HEADERS 1
| #define HAVE_DLFCN_H 1
| #define GETTEXT_PACKAGE "ibus-hangul"
| /* end confdefs.h.  */
| #include <CoreFoundation/CFPreferences.h>
| int
| main ()
| {
| CFPreferencesCopyAppValue(NULL, NULL)
|   ;
|   return 0;
| }
configure:22856: result: no
configure:22865: checking for CFLocaleCopyCurrent
configure:22893: gcc -o conftest -Wall -g -O0 -Wl,--no-undefined   conftest.c  -Wl,-framework -Wl,CoreFoundation >&5
conftest.c:28:37: error: CoreFoundation/CFLocale.h: No such file or directory
conftest.c: In function 'main':
conftest.c:32: warning: implicit declaration of function 'CFLocaleCopyCurrent'
configure:22900: $? = 1
configure: failed program was:
| /* confdefs.h.  */
| #define PACKAGE_NAME "ibus-hangul"
| #define PACKAGE_TARNAME "ibus-hangul"
| #define PACKAGE_VERSION "1.1.0.20090219"
| #define PACKAGE_STRING "ibus-hangul 1.1.0.20090219"
| #define PACKAGE_BUGREPORT "http://code.google.com/p/ibus/issues/entry"
| #define PACKAGE "ibus-hangul"
| #define VERSION "1.1.0.20090219"
| #define STDC_HEADERS 1
| #define HAVE_SYS_TYPES_H 1
| #define HAVE_SYS_STAT_H 1
| #define HAVE_STDLIB_H 1
| #define HAVE_STRING_H 1
| #define HAVE_MEMORY_H 1
| #define HAVE_STRINGS_H 1
| #define HAVE_INTTYPES_H 1
| #define HAVE_STDINT_H 1
| #define HAVE_UNISTD_H 1
| #define __EXTENSIONS__ 1
| #define _ALL_SOURCE 1
| #define _GNU_SOURCE 1
| #define _POSIX_PTHREAD_SEMANTICS 1
| #define _TANDEM_SOURCE 1
| #define STDC_HEADERS 1
| #define HAVE_DLFCN_H 1
| #define GETTEXT_PACKAGE "ibus-hangul"
| /* end confdefs.h.  */
| #include <CoreFoundation/CFLocale.h>
| int
| main ()
| {
| CFLocaleCopyCurrent();
|   ;
|   return 0;
| }
configure:22921: result: no
configure:22972: checking for GNU gettext in libc
configure:23002: gcc -o conftest -Wall -g -O0 -Wl,--no-undefined   conftest.c  >&5
configure:23009: $? = 0
configure:23031: result: yes
configure:23764: checking whether to use NLS
configure:23766: result: yes
configure:23769: checking where the gettext function comes from
configure:23780: result: libc
configure:23985: creating ./config.status

## ---------------------- ##
## Running config.status. ##
## ---------------------- ##

This file was extended by ibus-hangul config.status 1.1.0.20090219, which was
generated by GNU Autoconf 2.63.  Invocation command line was

  CONFIG_FILES    = 
  CONFIG_HEADERS  = 
  CONFIG_LINKS    = 
  CONFIG_COMMANDS = 
  $ ./config.status 

on localhost.localdomain

config.status:850: creating po/Makefile.in
config.status:850: creating Makefile
config.status:850: creating ibus-hangul.spec
config.status:850: creating src/Makefile
config.status:850: creating src/hangul.xml.in
config.status:850: creating icons/Makefile
config.status:850: creating m4/Makefile
config.status:850: creating config.h
config.status:1124: executing depfiles commands
config.status:1124: executing po-directories commands

## ---------------- ##
## Cache variables. ##
## ---------------- ##

ac_cv_build=i686-pc-linux-gnu
ac_cv_c_compiler_gnu=yes
ac_cv_cxx_compiler_gnu=yes
ac_cv_env_CCC_set=
ac_cv_env_CCC_value=
ac_cv_env_CC_set=
ac_cv_env_CC_value=
ac_cv_env_CFLAGS_set=set
ac_cv_env_CFLAGS_value='-Wall -g -O0 -Wl,--no-undefined'
ac_cv_env_CPPFLAGS_set=
ac_cv_env_CPPFLAGS_value=
ac_cv_env_CPP_set=
ac_cv_env_CPP_value=
ac_cv_env_CXXCPP_set=
ac_cv_env_CXXCPP_value=
ac_cv_env_CXXFLAGS_set=set
ac_cv_env_CXXFLAGS_value='-Wall -g -O0 -Wl,--no-undefined'
ac_cv_env_CXX_set=
ac_cv_env_CXX_value=
ac_cv_env_F77_set=
ac_cv_env_F77_value=
ac_cv_env_FFLAGS_set=
ac_cv_env_FFLAGS_value=
ac_cv_env_HANGUL_CFLAGS_set=
ac_cv_env_HANGUL_CFLAGS_value=
ac_cv_env_HANGUL_LIBS_set=
ac_cv_env_HANGUL_LIBS_value=
ac_cv_env_IBUS_CFLAGS_set=
ac_cv_env_IBUS_CFLAGS_value=
ac_cv_env_IBUS_LIBS_set=
ac_cv_env_IBUS_LIBS_value=
ac_cv_env_LDFLAGS_set=
ac_cv_env_LDFLAGS_value=
ac_cv_env_LIBS_set=
ac_cv_env_LIBS_value=
ac_cv_env_PKG_CONFIG_set=
ac_cv_env_PKG_CONFIG_value=
ac_cv_env_build_alias_set=
ac_cv_env_build_alias_value=
ac_cv_env_host_alias_set=
ac_cv_env_host_alias_value=
ac_cv_env_target_alias_set=
ac_cv_env_target_alias_value=
ac_cv_f77_compiler_gnu=yes
ac_cv_header_dlfcn_h=yes
ac_cv_header_inttypes_h=yes
ac_cv_header_memory_h=yes
ac_cv_header_minix_config_h=no
ac_cv_header_stdc=yes
ac_cv_header_stdint_h=yes
ac_cv_header_stdlib_h=yes
ac_cv_header_string_h=yes
ac_cv_header_strings_h=yes
ac_cv_header_sys_stat_h=yes
ac_cv_header_sys_types_h=yes
ac_cv_header_unistd_h=yes
ac_cv_host=i686-pc-linux-gnu
ac_cv_objext=o
ac_cv_path_EGREP='/bin/grep -E'
ac_cv_path_ENV=/usr/bin/env
ac_cv_path_GMSGFMT=/usr/bin/msgfmt
ac_cv_path_GREP=/bin/grep
ac_cv_path_MSGFMT=/usr/bin/msgfmt
ac_cv_path_MSGMERGE=/usr/bin/msgmerge
ac_cv_path_XGETTEXT=/usr/bin/xgettext
ac_cv_path_ac_pt_PKG_CONFIG=/usr/bin/pkg-config
ac_cv_path_install='/usr/bin/install -c'
ac_cv_path_mkdir=/bin/mkdir
ac_cv_prog_AWK=gawk
ac_cv_prog_CPP='gcc -E'
ac_cv_prog_CXXCPP='g++ -E'
ac_cv_prog_ac_ct_AR=ar
ac_cv_prog_ac_ct_CC=gcc
ac_cv_prog_ac_ct_CXX=g++
ac_cv_prog_ac_ct_F77=gfortran
ac_cv_prog_ac_ct_RANLIB=ranlib
ac_cv_prog_ac_ct_STRIP=strip
ac_cv_prog_cc_c89=
ac_cv_prog_cc_g=yes
ac_cv_prog_cc_gcc_c_o=yes
ac_cv_prog_cxx_g=yes
ac_cv_prog_f77_g=yes
ac_cv_prog_make_make_set=yes
ac_cv_safe_to_define___extensions__=yes
ac_cv_search_strerror='none required'
acl_cv_hardcode_direct=no
acl_cv_hardcode_libdir_flag_spec='${wl}-rpath ${wl}$libdir'
acl_cv_hardcode_libdir_separator=
acl_cv_hardcode_minus_L=no
acl_cv_libext=a
acl_cv_path_LD=/usr/bin/ld
acl_cv_prog_gnu_ld=yes
acl_cv_rpath=done
acl_cv_shlibext=so
acl_cv_wl=-Wl,
am_cv_CC_dependencies_compiler_type=gcc3
am_cv_CXX_dependencies_compiler_type=gcc3
gt_cv_func_CFLocaleCopyCurrent=no
gt_cv_func_CFPreferencesCopyAppValue=no
gt_cv_func_gnugettext1_libc=yes
lt_cv_deplibs_check_method=pass_all
lt_cv_file_magic_cmd='$MAGIC_CMD'
lt_cv_file_magic_test_file=
lt_cv_ld_reload_flag=-r
lt_cv_objdir=.libs
lt_cv_path_LD=/usr/bin/ld
lt_cv_path_LDCXX=/usr/bin/ld
lt_cv_path_NM='/usr/bin/nm -B'
lt_cv_path_SED=/bin/sed
lt_cv_prog_compiler_c_o=yes
lt_cv_prog_compiler_c_o_CXX=yes
lt_cv_prog_compiler_c_o_F77=yes
lt_cv_prog_compiler_pic_works=yes
lt_cv_prog_compiler_pic_works_CXX=yes
lt_cv_prog_compiler_pic_works_F77=yes
lt_cv_prog_compiler_rtti_exceptions=no
lt_cv_prog_compiler_static_works=yes
lt_cv_prog_compiler_static_works_CXX=yes
lt_cv_prog_compiler_static_works_F77=yes
lt_cv_prog_gnu_ld=yes
lt_cv_prog_gnu_ldcxx=yes
lt_cv_sys_global_symbol_pipe='sed -n -e '\''s/^.*[ 	]\([ABCDGIRSTW][ABCDGIRSTW]*\)[ 	][ 	]*\([_A-Za-z][_A-Za-z0-9]*\)$/\1 \2 \2/p'\'''
lt_cv_sys_global_symbol_to_c_name_address='sed -n -e '\''s/^: \([^ ]*\) $/  {\"\1\", (lt_ptr) 0},/p'\'' -e '\''s/^[BCDEGRST] \([^ ]*\) \([^ ]*\)$/  {"\2", (lt_ptr) \&\2},/p'\'''
lt_cv_sys_global_symbol_to_cdecl='sed -n -e '\''s/^. .* \(.*\)$/extern int \1;/p'\'''
lt_cv_sys_lib_dlsearch_path_spec='/usr/lib /lib /usr/lib/mysql /usr/lib/qt-3.3/lib /usr/lib/tcl8.5 /usr/lib/xulrunner-1.9 '
lt_cv_sys_lib_search_path_spec='/usr/lib /lib /usr/local/lib'
lt_cv_sys_max_cmd_len=1966080
lt_lt_cv_prog_compiler_c_o='"yes"'
lt_lt_cv_prog_compiler_c_o_CXX='"yes"'
lt_lt_cv_prog_compiler_c_o_F77='"yes"'
lt_lt_cv_sys_global_symbol_pipe='"sed -n -e '\''s/^.*[ 	]\\([ABCDGIRSTW][ABCDGIRSTW]*\\)[ 	][ 	]*\\([_A-Za-z][_A-Za-z0-9]*\\)\$/\\1 \\2 \\2/p'\''"'
lt_lt_cv_sys_global_symbol_to_c_name_address='"sed -n -e '\''s/^: \\([^ ]*\\) \$/  {\\\"\\1\\\", (lt_ptr) 0},/p'\'' -e '\''s/^[BCDEGRST] \\([^ ]*\\) \\([^ ]*\\)\$/  {\"\\2\", (lt_ptr) \\&\\2},/p'\''"'
lt_lt_cv_sys_global_symbol_to_cdecl='"sed -n -e '\''s/^. .* \\(.*\\)\$/extern int \\1;/p'\''"'
pkg_cv_HANGUL_CFLAGS='-I/usr/include/hangul-1.0  '
pkg_cv_HANGUL_LIBS='-lhangul  '
pkg_cv_IBUS_CFLAGS='-I/usr/include/ibus-1.0 -I/usr/include/dbus-1.0 -I/usr/lib/dbus-1.0/include -I/usr/include/glib-2.0 -I/usr/lib/glib-2.0/include  '
pkg_cv_IBUS_LIBS='-L/lib -libus -lgobject-2.0 -ldbus-1 -lglib-2.0  '

## ----------------- ##
## Output variables. ##
## ----------------- ##

ACLOCAL='${SHELL} /NotBackedUp/ibus-dev/ibus-hangul/missing --run aclocal-1.10'
AMDEPBACKSLASH='\'
AMDEP_FALSE='#'
AMDEP_TRUE=''
AMTAR='${SHELL} /NotBackedUp/ibus-dev/ibus-hangul/missing --run tar'
AR='ar'
AUTOCONF='${SHELL} /NotBackedUp/ibus-dev/ibus-hangul/missing --run autoconf'
AUTOHEADER='${SHELL} /NotBackedUp/ibus-dev/ibus-hangul/missing --run autoheader'
AUTOMAKE='${SHELL} /NotBackedUp/ibus-dev/ibus-hangul/missing --run automake-1.10'
AWK='gawk'
CC='gcc'
CCDEPMODE='depmode=gcc3'
CFLAGS='-Wall -g -O0 -Wl,--no-undefined'
CPP='gcc -E'
CPPFLAGS=''
CXX='g++'
CXXCPP='g++ -E'
CXXDEPMODE='depmode=gcc3'
CXXFLAGS='-Wall -g -O0 -Wl,--no-undefined'
CYGPATH_W='echo'
DEFS='-DHAVE_CONFIG_H'
DEPDIR='.deps'
DSYMUTIL=''
ECHO='echo'
ECHO_C=''
ECHO_N='-n'
ECHO_T=''
EGREP='/bin/grep -E'
ENV='/usr/bin/env'
EXEEXT=''
F77='gfortran'
FFLAGS='-g -O2'
GETTEXT_PACKAGE='ibus-hangul'
GMSGFMT='/usr/bin/msgfmt'
GMSGFMT_015='/usr/bin/msgfmt'
GREP='/bin/grep'
HANGUL_CFLAGS='-I/usr/include/hangul-1.0  '
HANGUL_LIBS='-lhangul  '
IBUS_CFLAGS='-I/usr/include/ibus-1.0 -I/usr/include/dbus-1.0 -I/usr/lib/dbus-1.0/include -I/usr/include/glib-2.0 -I/usr/lib/glib-2.0/include  '
IBUS_LIBS='-L/lib -libus -lgobject-2.0 -ldbus-1 -lglib-2.0  '
INSTALL_DATA='${INSTALL} -m 644'
INSTALL_PROGRAM='${INSTALL}'
INSTALL_SCRIPT='${INSTALL}'
INSTALL_STRIP_PROGRAM='$(install_sh) -c -s'
INTLLIBS=''
INTL_MACOSX_LIBS=''
LDFLAGS=''
LIBICONV='-liconv'
LIBINTL=''
LIBOBJS=''
LIBS=''
LIBTOOL='$(SHELL) $(top_builddir)/libtool'
LN_S='ln -s'
LTLIBICONV='-liconv'
LTLIBINTL=''
LTLIBOBJS=''
MAINT=''
MAINTAINER_MODE_FALSE='#'
MAINTAINER_MODE_TRUE=''
MAKEINFO='${SHELL} /NotBackedUp/ibus-dev/ibus-hangul/missing --run makeinfo'
MKDIR_P='/bin/mkdir -p'
MSGFMT='/usr/bin/msgfmt'
MSGFMT_015='/usr/bin/msgfmt'
MSGMERGE='/usr/bin/msgmerge'
NMEDIT=''
OBJEXT='o'
PACKAGE='ibus-hangul'
PACKAGE_BUGREPORT='http://code.google.com/p/ibus/issues/entry'
PACKAGE_NAME='ibus-hangul'
PACKAGE_STRING='ibus-hangul 1.1.0.20090219'
PACKAGE_TARNAME='ibus-hangul'
PACKAGE_VERSION='1.1.0.20090219'
PACKAGE_VERSION_MAJOR='1'
PACKAGE_VERSION_MICRO='0'
PACKAGE_VERSION_MINOR='1'
PACKAGE_VERSION_NANO='20090219'
PACKAGE_VERSION_RELEASE='0.20090219.153256'
PATH_SEPARATOR=':'
PKG_CONFIG='/usr/bin/pkg-config'
POSUB='po'
RANLIB='ranlib'
SED='/bin/sed'
SET_MAKE=''
SHELL='/bin/sh'
STRIP='strip'
USE_NLS='yes'
VERSION='1.1.0.20090219'
XGETTEXT='/usr/bin/xgettext'
XGETTEXT_015='/usr/bin/xgettext'
ac_ct_CC='gcc'
ac_ct_CXX='g++'
ac_ct_F77='gfortran'
am__fastdepCC_FALSE='#'
am__fastdepCC_TRUE=''
am__fastdepCXX_FALSE='#'
am__fastdepCXX_TRUE=''
am__include='include'
am__isrc=''
am__leading_dot='.'
am__quote=''
am__tar='${AMTAR} chof - "$$tardir"'
am__untar='${AMTAR} xf -'
bindir='${exec_prefix}/bin'
build='i686-pc-linux-gnu'
build_alias=''
build_cpu='i686'
build_os='linux-gnu'
build_vendor='pc'
datadir='${datarootdir}'
datarootdir='${prefix}/share'
docdir='${datarootdir}/doc/${PACKAGE_TARNAME}'
dvidir='${docdir}'
exec_prefix='${prefix}'
host='i686-pc-linux-gnu'
host_alias=''
host_cpu='i686'
host_os='linux-gnu'
host_vendor='pc'
htmldir='${docdir}'
includedir='${prefix}/include'
infodir='${datarootdir}/info'
install_sh='$(SHELL) /NotBackedUp/ibus-dev/ibus-hangul/install-sh'
libdir='${exec_prefix}/lib'
libexecdir='${exec_prefix}/libexec'
localedir='${datarootdir}/locale'
localstatedir='${prefix}/var'
mandir='${datarootdir}/man'
mkdir_p='/bin/mkdir -p'
oldincludedir='/usr/include'
pdfdir='${docdir}'
prefix='/usr'
program_transform_name='s,x,x,'
psdir='${docdir}'
sbindir='${exec_prefix}/sbin'
sharedstatedir='${prefix}/com'
sysconfdir='${prefix}/etc'
target_alias=''

## ----------- ##
## confdefs.h. ##
## ----------- ##

#define PACKAGE_NAME "ibus-hangul"
#define PACKAGE_TARNAME "ibus-hangul"
#define PACKAGE_VERSION "1.1.0.20090219"
#define PACKAGE_STRING "ibus-hangul 1.1.0.20090219"
#define PACKAGE_BUGREPORT "http://code.google.com/p/ibus/issues/entry"
#define PACKAGE "ibus-hangul"
#define VERSION "1.1.0.20090219"
#define STDC_HEADERS 1
#define HAVE_SYS_TYPES_H 1
#define HAVE_SYS_STAT_H 1
#define HAVE_STDLIB_H 1
#define HAVE_STRING_H 1
#define HAVE_MEMORY_H 1
#define HAVE_STRINGS_H 1
#define HAVE_INTTYPES_H 1
#define HAVE_STDINT_H 1
#define HAVE_UNISTD_H 1
#define __EXTENSIONS__ 1
#define _ALL_SOURCE 1
#define _GNU_SOURCE 1
#define _POSIX_PTHREAD_SEMANTICS 1
#define _TANDEM_SOURCE 1
#define STDC_HEADERS 1
#define HAVE_DLFCN_H 1
#define GETTEXT_PACKAGE "ibus-hangul"
#define ENABLE_NLS 1
#define HAVE_GETTEXT 1
#define HAVE_DCGETTEXT 1

configure: exit 0
